<?xml version="1.0" encoding="UTF-8"?>
<testng-results ignored="0" total="3" passed="3" failed="0" skipped="0">
  <reporter-output>
  </reporter-output>
  <suite started-at="2025-03-02T20:30:24 IST" name="Server A Test Suite" finished-at="2025-03-02T20:30:26 IST" duration-ms="1909">
    <groups>
    </groups>
    <test started-at="2025-03-02T20:30:24 IST" name="API Tests" finished-at="2025-03-02T20:30:26 IST" duration-ms="1909">
      <class name="com.mockingdemo.tests.ServerAApiTest">
        <test-method is-config="true" signature="setUp()[pri:0, instance:com.mockingdemo.tests.ServerAApiTest@3bd40a57]" started-at="2025-03-02T20:30:24 IST" name="setUp" finished-at="2025-03-02T20:30:25 IST" duration-ms="481" status="PASS">
          <reporter-output>
          </reporter-output>
        </test-method> <!-- setUp -->
        <test-method signature="testServerAProcessEndpoint()[pri:0, instance:com.mockingdemo.tests.ServerAApiTest@3bd40a57]" started-at="2025-03-02T20:30:25 IST" name="testServerAProcessEndpoint" finished-at="2025-03-02T20:30:26 IST" duration-ms="1168" status="PASS">
          <reporter-output>
          </reporter-output>
        </test-method> <!-- testServerAProcessEndpoint -->
        <test-method signature="testServerAWithDifferentUser()[pri:0, instance:com.mockingdemo.tests.ServerAApiTest@3bd40a57]" started-at="2025-03-02T20:30:26 IST" name="testServerAWithDifferentUser" finished-at="2025-03-02T20:30:26 IST" duration-ms="119" status="PASS">
          <reporter-output>
          </reporter-output>
        </test-method> <!-- testServerAWithDifferentUser -->
        <test-method signature="testServerAWithEmptyQuery()[pri:0, instance:com.mockingdemo.tests.ServerAApiTest@3bd40a57]" started-at="2025-03-02T20:30:26 IST" name="testServerAWithEmptyQuery" finished-at="2025-03-02T20:30:26 IST" duration-ms="117" status="PASS">
          <reporter-output>
          </reporter-output>
        </test-method> <!-- testServerAWithEmptyQuery -->
      </class> <!-- com.mockingdemo.tests.ServerAApiTest -->
    </test> <!-- API Tests -->
  </suite> <!-- Server A Test Suite -->
</testng-results>
