<?xml version="1.0" encoding="UTF-8"?>
<!-- Generated by org.testng.reporters.JUnitXMLReporter -->
<testsuite ignored="0" hostname="Akshay" failures="0" tests="3" name="API Tests" time="1.909" errors="0" timestamp="2025-03-02T20:30:26 IST">
  <testcase classname="com.mockingdemo.tests.ServerAApiTest" name="testServerAProcessEndpoint" time="1.168"/>
  <testcase classname="com.mockingdemo.tests.ServerAApiTest" name="testServerAWithDifferentUser" time="0.119"/>
  <testcase classname="com.mockingdemo.tests.ServerAApiTest" name="testServerAWithEmptyQuery" time="0.117"/>
</testsuite> <!-- API Tests -->
